<?xml version="1.0" encoding="UTF-8"?>
<testng-results ignored="0" total="2" passed="1" failed="0" skipped="1">
  <reporter-output>
    <line>
      <![CDATA[Reading from properties file]]>
    </line>
    <line>
      <![CDATA[hitting url]]>
    </line>
    <line>
      <![CDATA[implicit waiting.]]>
    </line>
    <line>
      <![CDATA[implicit waiting.]]>
    </line>
    <line>
      <![CDATA[Reading from properties file]]>
    </line>
    <line>
      <![CDATA[mobile number entering]]>
    </line>
    <line>
      <![CDATA[implicit waiting.]]>
    </line>
    <line>
      <![CDATA[.preessing in sign]]>
    </line>
    <line>
      <![CDATA[implicit waiting.]]>
    </line>
    <line>
      <![CDATA[Reading from properties file]]>
    </line>
    <line>
      <![CDATA[implicit waiting.]]>
    </line>
    <line>
      <![CDATA[ passcode entering ]]>
    </line>
    <line>
      <![CDATA[availbal Rs.5,00,000.00]]>
    </line>
    <line>
      <![CDATA[test Cnull is  completed successfully ]]>
    </line>
    <line>
      <![CDATA[implicit waiting.]]>
    </line>
    <line>
      <![CDATA[implicit waiting.]]>
    </line>
    <line>
      <![CDATA[Reading from properties file]]>
    </line>
    <line>
      <![CDATA[mobile number entering]]>
    </line>
    <line>
      <![CDATA[implicit waiting.]]>
    </line>
    <line>
      <![CDATA[.preessing in sign]]>
    </line>
    <line>
      <![CDATA[test Cnull is  completed successfully ]]>
    </line>
  </reporter-output>
  <suite started-at="2022-12-03T14:08:35 IST" name="Default suite" finished-at="2022-12-03T14:10:00 IST" duration-ms="84941">
    <groups>
    </groups>
    <test started-at="2022-12-03T14:08:35 IST" name="Default test" finished-at="2022-12-03T14:10:00 IST" duration-ms="84941">
      <class name="neostoxTestngclasses.neostoxs">
        <test-method is-config="true" signature="launchbrowsers()[pri:0, instance:neostoxTestngclasses.neostoxs@23c30a20]" started-at="2022-12-03T14:08:35 IST" name="launchbrowsers" finished-at="2022-12-03T14:08:41 IST" duration-ms="6396" status="PASS">
          <reporter-output>
            <line>
              <![CDATA[Reading from properties file]]>
            </line>
            <line>
              <![CDATA[hitting url]]>
            </line>
            <line>
              <![CDATA[implicit waiting.]]>
            </line>
          </reporter-output>
        </test-method> <!-- launchbrowsers -->
        <test-method is-config="true" signature="loginneostoxs()[pri:0, instance:neostoxTestngclasses.neostoxs@23c30a20]" started-at="2022-12-03T14:08:41 IST" name="loginneostoxs" finished-at="2022-12-03T14:09:40 IST" duration-ms="58480" status="PASS">
          <reporter-output>
            <line>
              <![CDATA[implicit waiting.]]>
            </line>
            <line>
              <![CDATA[Reading from properties file]]>
            </line>
            <line>
              <![CDATA[mobile number entering]]>
            </line>
            <line>
              <![CDATA[implicit waiting.]]>
            </line>
            <line>
              <![CDATA[.preessing in sign]]>
            </line>
            <line>
              <![CDATA[implicit waiting.]]>
            </line>
            <line>
              <![CDATA[Reading from properties file]]>
            </line>
            <line>
              <![CDATA[implicit waiting.]]>
            </line>
            <line>
              <![CDATA[ passcode entering ]]>
            </line>
          </reporter-output>
        </test-method> <!-- loginneostoxs -->
        <test-method signature="availbalance()[pri:0, instance:neostoxTestngclasses.neostoxs@23c30a20]" started-at="2022-12-03T14:09:40 IST" name="availbalance" finished-at="2022-12-03T14:09:40 IST" duration-ms="55" status="PASS">
          <reporter-output>
            <line>
              <![CDATA[availbal Rs.5,00,000.00]]>
            </line>
            <line>
              <![CDATA[test Cnull is  completed successfully ]]>
            </line>
          </reporter-output>
        </test-method> <!-- availbalance -->
        <test-method is-config="true" signature="logout()[pri:0, instance:neostoxTestngclasses.neostoxs@23c30a20]" started-at="2022-12-03T14:09:40 IST" name="logout" finished-at="2022-12-03T14:09:40 IST" duration-ms="127" status="PASS">
          <reporter-output>
            <line>
              <![CDATA[implicit waiting.]]>
            </line>
          </reporter-output>
        </test-method> <!-- logout -->
        <test-method is-config="true" signature="loginneostoxs()[pri:0, instance:neostoxTestngclasses.neostoxs@23c30a20]" started-at="2022-12-03T14:09:40 IST" name="loginneostoxs" finished-at="2022-12-03T14:10:00 IST" duration-ms="19824" status="FAIL">
          <exception class="org.openqa.selenium.ElementClickInterceptedException">
            <message>
              <![CDATA[element click intercepted: Element is not clickable at point (794, 5480)
  (Session info: chrome=108.0.5359.73)
Build info: version: '4.4.0', revision: 'e5c75ed026a'
System info: host: 'LAPTOP-2RCPG6KV', ip: '192.168.1.100', os.name: 'Windows 11', os.arch: 'amd64', os.version: '10.0', java.version: '11.0.15'
Driver info: org.openqa.selenium.chrome.ChromeDriver
Command: [412ed5c0120cf72e65b136baf9fdc49a, clickElement {id=84850b35-8f69-4790-ac11-50df367ba195}]
Capabilities {acceptInsecureCerts: false, browserName: chrome, browserVersion: 108.0.5359.73, chrome: {chromedriverVersion: 107.0.5304.62 (1eec40d3a576..., userDataDir: C:\Users\SUNILB~1\AppData\L...}, goog:chromeOptions: {debuggerAddress: localhost:60049}, networkConnectionEnabled: false, pageLoadStrategy: normal, platformName: WINDOWS, proxy: Proxy(), se:cdp: ws://localhost:60049/devtoo..., se:cdpVersion: 108.0.5359.73, setWindowRect: true, strictFileInteractability: false, timeouts: {implicit: 0, pageLoad: 300000, script: 30000}, unhandledPromptBehavior: dismiss and notify, webauthn:extension:credBlob: true, webauthn:extension:largeBlob: true, webauthn:virtualAuthenticators: true}
Element: [[ChromeDriver: chrome on WINDOWS (412ed5c0120cf72e65b136baf9fdc49a)] -> xpath: (//a[text()='Sign In'])[2]]
Session ID: 412ed5c0120cf72e65b136baf9fdc49a]]>
            </message>
            <full-stacktrace>
              <![CDATA[org.openqa.selenium.ElementClickInterceptedException: element click intercepted: Element is not clickable at point (794, 5480)
  (Session info: chrome=108.0.5359.73)
Build info: version: '4.4.0', revision: 'e5c75ed026a'
System info: host: 'LAPTOP-2RCPG6KV', ip: '192.168.1.100', os.name: 'Windows 11', os.arch: 'amd64', os.version: '10.0', java.version: '11.0.15'
Driver info: org.openqa.selenium.chrome.ChromeDriver
Command: [412ed5c0120cf72e65b136baf9fdc49a, clickElement {id=84850b35-8f69-4790-ac11-50df367ba195}]
Capabilities {acceptInsecureCerts: false, browserName: chrome, browserVersion: 108.0.5359.73, chrome: {chromedriverVersion: 107.0.5304.62 (1eec40d3a576..., userDataDir: C:\Users\SUNILB~1\AppData\L...}, goog:chromeOptions: {debuggerAddress: localhost:60049}, networkConnectionEnabled: false, pageLoadStrategy: normal, platformName: WINDOWS, proxy: Proxy(), se:cdp: ws://localhost:60049/devtoo..., se:cdpVersion: 108.0.5359.73, setWindowRect: true, strictFileInteractability: false, timeouts: {implicit: 0, pageLoad: 300000, script: 30000}, unhandledPromptBehavior: dismiss and notify, webauthn:extension:credBlob: true, webauthn:extension:largeBlob: true, webauthn:virtualAuthenticators: true}
Element: [[ChromeDriver: chrome on WINDOWS (412ed5c0120cf72e65b136baf9fdc49a)] -> xpath: (//a[text()='Sign In'])[2]]
Session ID: 412ed5c0120cf72e65b136baf9fdc49a
at java.base/jdk.internal.reflect.NativeConstructorAccessorImpl.newInstance0(Native Method)
at java.base/jdk.internal.reflect.NativeConstructorAccessorImpl.newInstance(NativeConstructorAccessorImpl.java:62)
at java.base/jdk.internal.reflect.DelegatingConstructorAccessorImpl.newInstance(DelegatingConstructorAccessorImpl.java:45)
at java.base/java.lang.reflect.Constructor.newInstance(Constructor.java:490)
at org.openqa.selenium.remote.codec.w3c.W3CHttpResponseCodec.createException(W3CHttpResponseCodec.java:200)
at org.openqa.selenium.remote.codec.w3c.W3CHttpResponseCodec.decode(W3CHttpResponseCodec.java:133)
at org.openqa.selenium.remote.codec.w3c.W3CHttpResponseCodec.decode(W3CHttpResponseCodec.java:53)
at org.openqa.selenium.remote.HttpCommandExecutor.execute(HttpCommandExecutor.java:184)
at org.openqa.selenium.remote.service.DriverCommandExecutor.invokeExecute(DriverCommandExecutor.java:167)
at org.openqa.selenium.remote.service.DriverCommandExecutor.execute(DriverCommandExecutor.java:142)
at org.openqa.selenium.remote.RemoteWebDriver.execute(RemoteWebDriver.java:547)
at org.openqa.selenium.remote.RemoteWebElement.execute(RemoteWebElement.java:257)
at org.openqa.selenium.remote.RemoteWebElement.click(RemoteWebElement.java:78)
at java.base/jdk.internal.reflect.NativeMethodAccessorImpl.invoke0(Native Method)
at java.base/jdk.internal.reflect.NativeMethodAccessorImpl.invoke(NativeMethodAccessorImpl.java:62)
at java.base/jdk.internal.reflect.DelegatingMethodAccessorImpl.invoke(DelegatingMethodAccessorImpl.java:43)
at java.base/java.lang.reflect.Method.invoke(Method.java:566)
at org.openqa.selenium.support.pagefactory.internal.LocatingElementHandler.invoke(LocatingElementHandler.java:52)
at com.sun.proxy.$Proxy19.click(Unknown Source)
at neostoxPOMclasses.neostoxsloginpag.sigin(neostoxsloginpag.java:25)
at neostoxTestngclasses.neostoxs.loginneostoxs(neostoxs.java:39)
at java.base/jdk.internal.reflect.NativeMethodAccessorImpl.invoke0(Native Method)
at java.base/jdk.internal.reflect.NativeMethodAccessorImpl.invoke(NativeMethodAccessorImpl.java:62)
at java.base/jdk.internal.reflect.DelegatingMethodAccessorImpl.invoke(DelegatingMethodAccessorImpl.java:43)
at java.base/java.lang.reflect.Method.invoke(Method.java:566)
at org.testng.internal.MethodInvocationHelper.invokeMethod(MethodInvocationHelper.java:133)
at org.testng.internal.MethodInvocationHelper.invokeMethodConsideringTimeout(MethodInvocationHelper.java:62)
at org.testng.internal.ConfigInvoker.invokeConfigurationMethod(ConfigInvoker.java:385)
at org.testng.internal.ConfigInvoker.invokeConfigurations(ConfigInvoker.java:321)
at org.testng.internal.TestInvoker.runConfigMethods(TestInvoker.java:700)
at org.testng.internal.TestInvoker.invokeMethod(TestInvoker.java:527)
at org.testng.internal.TestInvoker.invokeTestMethod(TestInvoker.java:173)
at org.testng.internal.MethodRunner.runInSequence(MethodRunner.java:46)
at org.testng.internal.TestInvoker$MethodInvocationAgent.invoke(TestInvoker.java:824)
at org.testng.internal.TestInvoker.invokeTestMethods(TestInvoker.java:146)
at org.testng.internal.TestMethodWorker.invokeTestMethods(TestMethodWorker.java:146)
at org.testng.internal.TestMethodWorker.run(TestMethodWorker.java:128)
at java.base/java.util.ArrayList.forEach(ArrayList.java:1541)
at org.testng.TestRunner.privateRun(TestRunner.java:794)
at org.testng.TestRunner.run(TestRunner.java:596)
at org.testng.SuiteRunner.runTest(SuiteRunner.java:377)
at org.testng.SuiteRunner.runSequentially(SuiteRunner.java:371)
at org.testng.SuiteRunner.privateRun(SuiteRunner.java:332)
at org.testng.SuiteRunner.run(SuiteRunner.java:276)
at org.testng.SuiteRunnerWorker.runSuite(SuiteRunnerWorker.java:53)
at org.testng.SuiteRunnerWorker.run(SuiteRunnerWorker.java:96)
at org.testng.TestNG.runSuitesSequentially(TestNG.java:1212)
at org.testng.TestNG.runSuitesLocally(TestNG.java:1134)
at org.testng.TestNG.runSuites(TestNG.java:1063)
at org.testng.TestNG.run(TestNG.java:1031)
at org.testng.remote.AbstractRemoteTestNG.run(AbstractRemoteTestNG.java:115)
at org.testng.remote.RemoteTestNG.initAndRun(RemoteTestNG.java:251)
at org.testng.remote.RemoteTestNG.main(RemoteTestNG.java:77)
]]>
            </full-stacktrace>
          </exception> <!-- org.openqa.selenium.ElementClickInterceptedException -->
          <reporter-output>
            <line>
              <![CDATA[implicit waiting.]]>
            </line>
            <line>
              <![CDATA[Reading from properties file]]>
            </line>
            <line>
              <![CDATA[mobile number entering]]>
            </line>
            <line>
              <![CDATA[implicit waiting.]]>
            </line>
            <line>
              <![CDATA[.preessing in sign]]>
            </line>
          </reporter-output>
        </test-method> <!-- loginneostoxs -->
        <test-method signature="validateuserID1()[pri:0, instance:neostoxTestngclasses.neostoxs@23c30a20]" started-at="2022-12-03T14:10:00 IST" name="validateuserID1" finished-at="2022-12-03T14:10:00 IST" duration-ms="0" status="SKIP">
          <exception class="org.openqa.selenium.ElementClickInterceptedException">
            <message>
              <![CDATA[element click intercepted: Element is not clickable at point (794, 5480)
  (Session info: chrome=108.0.5359.73)
Build info: version: '4.4.0', revision: 'e5c75ed026a'
System info: host: 'LAPTOP-2RCPG6KV', ip: '192.168.1.100', os.name: 'Windows 11', os.arch: 'amd64', os.version: '10.0', java.version: '11.0.15'
Driver info: org.openqa.selenium.chrome.ChromeDriver
Command: [412ed5c0120cf72e65b136baf9fdc49a, clickElement {id=84850b35-8f69-4790-ac11-50df367ba195}]
Capabilities {acceptInsecureCerts: false, browserName: chrome, browserVersion: 108.0.5359.73, chrome: {chromedriverVersion: 107.0.5304.62 (1eec40d3a576..., userDataDir: C:\Users\SUNILB~1\AppData\L...}, goog:chromeOptions: {debuggerAddress: localhost:60049}, networkConnectionEnabled: false, pageLoadStrategy: normal, platformName: WINDOWS, proxy: Proxy(), se:cdp: ws://localhost:60049/devtoo..., se:cdpVersion: 108.0.5359.73, setWindowRect: true, strictFileInteractability: false, timeouts: {implicit: 0, pageLoad: 300000, script: 30000}, unhandledPromptBehavior: dismiss and notify, webauthn:extension:credBlob: true, webauthn:extension:largeBlob: true, webauthn:virtualAuthenticators: true}
Element: [[ChromeDriver: chrome on WINDOWS (412ed5c0120cf72e65b136baf9fdc49a)] -> xpath: (//a[text()='Sign In'])[2]]
Session ID: 412ed5c0120cf72e65b136baf9fdc49a]]>
            </message>
            <full-stacktrace>
              <![CDATA[org.openqa.selenium.ElementClickInterceptedException: element click intercepted: Element is not clickable at point (794, 5480)
  (Session info: chrome=108.0.5359.73)
Build info: version: '4.4.0', revision: 'e5c75ed026a'
System info: host: 'LAPTOP-2RCPG6KV', ip: '192.168.1.100', os.name: 'Windows 11', os.arch: 'amd64', os.version: '10.0', java.version: '11.0.15'
Driver info: org.openqa.selenium.chrome.ChromeDriver
Command: [412ed5c0120cf72e65b136baf9fdc49a, clickElement {id=84850b35-8f69-4790-ac11-50df367ba195}]
Capabilities {acceptInsecureCerts: false, browserName: chrome, browserVersion: 108.0.5359.73, chrome: {chromedriverVersion: 107.0.5304.62 (1eec40d3a576..., userDataDir: C:\Users\SUNILB~1\AppData\L...}, goog:chromeOptions: {debuggerAddress: localhost:60049}, networkConnectionEnabled: false, pageLoadStrategy: normal, platformName: WINDOWS, proxy: Proxy(), se:cdp: ws://localhost:60049/devtoo..., se:cdpVersion: 108.0.5359.73, setWindowRect: true, strictFileInteractability: false, timeouts: {implicit: 0, pageLoad: 300000, script: 30000}, unhandledPromptBehavior: dismiss and notify, webauthn:extension:credBlob: true, webauthn:extension:largeBlob: true, webauthn:virtualAuthenticators: true}
Element: [[ChromeDriver: chrome on WINDOWS (412ed5c0120cf72e65b136baf9fdc49a)] -> xpath: (//a[text()='Sign In'])[2]]
Session ID: 412ed5c0120cf72e65b136baf9fdc49a
at java.base/jdk.internal.reflect.NativeConstructorAccessorImpl.newInstance0(Native Method)
at java.base/jdk.internal.reflect.NativeConstructorAccessorImpl.newInstance(NativeConstructorAccessorImpl.java:62)
at java.base/jdk.internal.reflect.DelegatingConstructorAccessorImpl.newInstance(DelegatingConstructorAccessorImpl.java:45)
at java.base/java.lang.reflect.Constructor.newInstance(Constructor.java:490)
at org.openqa.selenium.remote.codec.w3c.W3CHttpResponseCodec.createException(W3CHttpResponseCodec.java:200)
at org.openqa.selenium.remote.codec.w3c.W3CHttpResponseCodec.decode(W3CHttpResponseCodec.java:133)
at org.openqa.selenium.remote.codec.w3c.W3CHttpResponseCodec.decode(W3CHttpResponseCodec.java:53)
at org.openqa.selenium.remote.HttpCommandExecutor.execute(HttpCommandExecutor.java:184)
at org.openqa.selenium.remote.service.DriverCommandExecutor.invokeExecute(DriverCommandExecutor.java:167)
at org.openqa.selenium.remote.service.DriverCommandExecutor.execute(DriverCommandExecutor.java:142)
at org.openqa.selenium.remote.RemoteWebDriver.execute(RemoteWebDriver.java:547)
at org.openqa.selenium.remote.RemoteWebElement.execute(RemoteWebElement.java:257)
at org.openqa.selenium.remote.RemoteWebElement.click(RemoteWebElement.java:78)
at java.base/jdk.internal.reflect.NativeMethodAccessorImpl.invoke0(Native Method)
at java.base/jdk.internal.reflect.NativeMethodAccessorImpl.invoke(NativeMethodAccessorImpl.java:62)
at java.base/jdk.internal.reflect.DelegatingMethodAccessorImpl.invoke(DelegatingMethodAccessorImpl.java:43)
at java.base/java.lang.reflect.Method.invoke(Method.java:566)
at org.openqa.selenium.support.pagefactory.internal.LocatingElementHandler.invoke(LocatingElementHandler.java:52)
at com.sun.proxy.$Proxy19.click(Unknown Source)
at neostoxPOMclasses.neostoxsloginpag.sigin(neostoxsloginpag.java:25)
at neostoxTestngclasses.neostoxs.loginneostoxs(neostoxs.java:39)
at java.base/jdk.internal.reflect.NativeMethodAccessorImpl.invoke0(Native Method)
at java.base/jdk.internal.reflect.NativeMethodAccessorImpl.invoke(NativeMethodAccessorImpl.java:62)
at java.base/jdk.internal.reflect.DelegatingMethodAccessorImpl.invoke(DelegatingMethodAccessorImpl.java:43)
at java.base/java.lang.reflect.Method.invoke(Method.java:566)
at org.testng.internal.MethodInvocationHelper.invokeMethod(MethodInvocationHelper.java:133)
at org.testng.internal.MethodInvocationHelper.invokeMethodConsideringTimeout(MethodInvocationHelper.java:62)
at org.testng.internal.ConfigInvoker.invokeConfigurationMethod(ConfigInvoker.java:385)
at org.testng.internal.ConfigInvoker.invokeConfigurations(ConfigInvoker.java:321)
at org.testng.internal.TestInvoker.runConfigMethods(TestInvoker.java:700)
at org.testng.internal.TestInvoker.invokeMethod(TestInvoker.java:527)
at org.testng.internal.TestInvoker.invokeTestMethod(TestInvoker.java:173)
at org.testng.internal.MethodRunner.runInSequence(MethodRunner.java:46)
at org.testng.internal.TestInvoker$MethodInvocationAgent.invoke(TestInvoker.java:824)
at org.testng.internal.TestInvoker.invokeTestMethods(TestInvoker.java:146)
at org.testng.internal.TestMethodWorker.invokeTestMethods(TestMethodWorker.java:146)
at org.testng.internal.TestMethodWorker.run(TestMethodWorker.java:128)
at java.base/java.util.ArrayList.forEach(ArrayList.java:1541)
at org.testng.TestRunner.privateRun(TestRunner.java:794)
at org.testng.TestRunner.run(TestRunner.java:596)
at org.testng.SuiteRunner.runTest(SuiteRunner.java:377)
at org.testng.SuiteRunner.runSequentially(SuiteRunner.java:371)
at org.testng.SuiteRunner.privateRun(SuiteRunner.java:332)
at org.testng.SuiteRunner.run(SuiteRunner.java:276)
at org.testng.SuiteRunnerWorker.runSuite(SuiteRunnerWorker.java:53)
at org.testng.SuiteRunnerWorker.run(SuiteRunnerWorker.java:96)
at org.testng.TestNG.runSuitesSequentially(TestNG.java:1212)
at org.testng.TestNG.runSuitesLocally(TestNG.java:1134)
at org.testng.TestNG.runSuites(TestNG.java:1063)
at org.testng.TestNG.run(TestNG.java:1031)
at org.testng.remote.AbstractRemoteTestNG.run(AbstractRemoteTestNG.java:115)
at org.testng.remote.RemoteTestNG.initAndRun(RemoteTestNG.java:251)
at org.testng.remote.RemoteTestNG.main(RemoteTestNG.java:77)
]]>
            </full-stacktrace>
          </exception> <!-- org.openqa.selenium.ElementClickInterceptedException -->
          <reporter-output>
            <line>
              <![CDATA[test Cnull is  completed successfully ]]>
            </line>
          </reporter-output>
        </test-method> <!-- validateuserID1 -->
        <test-method is-config="true" signature="logout()[pri:0, instance:neostoxTestngclasses.neostoxs@23c30a20]" started-at="2022-12-03T14:10:00 IST" name="logout" finished-at="1970-01-01T05:30:00 IST" duration-ms="-1670056800110" status="SKIP">
          <reporter-output>
          </reporter-output>
        </test-method> <!-- logout -->
        <test-method is-config="true" signature="close()[pri:0, instance:neostoxTestngclasses.neostoxs@23c30a20]" started-at="2022-12-03T14:10:00 IST" name="close" finished-at="1970-01-01T05:30:00 IST" duration-ms="-1670056800114" status="SKIP">
          <reporter-output>
          </reporter-output>
        </test-method> <!-- close -->
      </class> <!-- neostoxTestngclasses.neostoxs -->
    </test> <!-- Default test -->
  </suite> <!-- Default suite -->
</testng-results>
